<?xml version="1.0" encoding="UTF-8"?>
<!-- Generated by org.testng.reporters.JUnitXMLReporter -->
<testsuite ignored="6" hostname="Admin" failures="0" tests="4" name="Test" time="40.786" errors="0" timestamp="03 Feb 2023 05:36:11 GMT">
  <testcase classname="TestCases.LoginTest" name="Login" time="5.216"/>
  <testcase classname="TestCases.MasterTest" name="Login" time="0.183"/>
  <testcase classname="TestCases.MaterialTest" name="Login" time="2.616"/>
  <testcase classname="TestCases.UnitTest1" name="Unit" time="32.746"/>
  <testcase classname="Base.DriverInitialization" name="@AfterSuite closeChrome" time="0.0">
    <ignored/>
  </testcase> <!-- @AfterSuite closeChrome -->
  <testcase classname="Base.DriverInitialization" name="@AfterSuite closeChrome" time="0.0">
    <ignored/>
  </testcase> <!-- @AfterSuite closeChrome -->
  <testcase classname="Base.DriverInitialization" name="@AfterSuite closeChrome" time="0.0">
    <ignored/>
  </testcase> <!-- @AfterSuite closeChrome -->
  <testcase classname="Base.DriverInitialization" name="@BeforeSuite main" time="0.0">
    <ignored/>
  </testcase> <!-- @BeforeSuite main -->
  <testcase classname="Base.DriverInitialization" name="@BeforeSuite main" time="0.0">
    <ignored/>
  </testcase> <!-- @BeforeSuite main -->
  <testcase classname="Base.DriverInitialization" name="@BeforeSuite main" time="0.0">
    <ignored/>
  </testcase> <!-- @BeforeSuite main -->
</testsuite> <!-- Test -->
